0 info it worked if it ends with ok
1 verbose cli [ 'C:\\Program Files (x86)\\Microsoft Visual Studio 14.0\\Common7\\IDE\\Extensions\\Microsoft\\Web Tools\\External\\\\node\\node',
1 verbose cli   'C:\\Program Files (x86)\\Microsoft Visual Studio 14.0\\Common7\\IDE\\Extensions\\Microsoft\\Web Tools\\External\\npm\\node_modules\\npm\\bin\\npm-cli.js',
1 verbose cli   'run',
1 verbose cli   'build',
1 verbose cli   '--color=always' ]
2 info using npm@1.4.9
3 info using node@v0.10.31
4 verbose node symlink C:\Program Files (x86)\Microsoft Visual Studio 14.0\Common7\IDE\Extensions\Microsoft\Web Tools\External\\node\node
5 verbose run-script [ 'prebuild', 'build', 'postbuild' ]
6 info prebuild ASP.NET@1.0.0
7 info build ASP.NET@1.0.0
8 verbose unsafe-perm in lifecycle true
9 info ASP.NET@1.0.0 Failed to exec build script
10 error ASP.NET@1.0.0 build: `webpack --config webpack.config.js`
10 error Exit status 1
11 error Failed at the ASP.NET@1.0.0 build script.
11 error This is most likely a problem with the ASP.NET package,
11 error not with npm itself.
11 error Tell the author that this fails on your system:
11 error     webpack --config webpack.config.js
11 error You can get their info via:
11 error     npm owner ls ASP.NET
11 error There is likely additional logging output above.
12 error System Windows_NT 6.2.9200
13 error command "C:\\Program Files (x86)\\Microsoft Visual Studio 14.0\\Common7\\IDE\\Extensions\\Microsoft\\Web Tools\\External\\\\node\\node" "C:\\Program Files (x86)\\Microsoft Visual Studio 14.0\\Common7\\IDE\\Extensions\\Microsoft\\Web Tools\\External\\npm\\node_modules\\npm\\bin\\npm-cli.js" "run" "build" "--color=always"
14 error cwd C:\Users\alumno\Desktop\PROYECTO\GreenQueen\GreenQueen.WebAPI\GreenQueen.Client
15 error node -v v0.10.31
16 error npm -v 1.4.9
17 error code ELIFECYCLE
18 verbose exit [ 1, true ]
